Hmm ... looks like a package
Warning: /home/jcb/Documents/Resural/Stat Resural/RPU_Doc/Routines_Package/Rpu2.Rcheck/00_pkg_src/Rpu2/man/add.territoire.Rd:5: Some input could not be re-encoded to ASCII
Warning: /home/jcb/Documents/Resural/Stat Resural/RPU_Doc/Routines_Package/Rpu2.Rcheck/00_pkg_src/Rpu2/man/factor2table.Rd:5: Some input could not be re-encoded to ASCII
Warning: /home/jcb/Documents/Resural/Stat Resural/RPU_Doc/Routines_Package/Rpu2.Rcheck/00_pkg_src/Rpu2/man/finess2territoires.Rd:5: Some input could not be re-encoded to ASCII
Warning: /home/jcb/Documents/Resural/Stat Resural/RPU_Doc/Routines_Package/Rpu2.Rcheck/00_pkg_src/Rpu2/man/reorder.vector.fedoru.Rd:5: Some input could not be re-encoded to ASCII
Warning: /home/jcb/Documents/Resural/Stat Resural/RPU_Doc/Routines_Package/Rpu2.Rcheck/00_pkg_src/Rpu2/man/summary.age.sexe.Rd:5: Some input could not be re-encoded to ASCII
Warning: /home/jcb/Documents/Resural/Stat Resural/RPU_Doc/Routines_Package/Rpu2.Rcheck/00_pkg_src/Rpu2/man/summary.sexe.Rd:5: Some input could not be re-encoded to ASCII
Warning: /home/jcb/Documents/Resural/Stat Resural/RPU_Doc/Routines_Package/Rpu2.Rcheck/00_pkg_src/Rpu2/man/teste.radar.Rd:5: Some input could not be re-encoded to ASCII

This is pdfTeX, Version 3.1415926-2.5-1.40.14 (TeX Live 2013/Debian)
 restricted \write18 enabled.
entering extended mode
LaTeX2e <2011/06/27>
Babel <3.9h> and hyphenation patterns for 6 languages loaded.
(./Rd2.tex
(/usr/share/texlive/texmf-dist/tex/latex/base/book.cls
Document Class: book 2007/10/19 v1.4h Standard LaTeX document class
(/usr/share/texlive/texmf-dist/tex/latex/base/bk10.clo))
(/usr/share/R/share/texmf/tex/latex/Rd.sty
(/usr/share/texlive/texmf-dist/tex/latex/base/ifthen.sty)
(/usr/share/texlive/texmf-dist/tex/latex/tools/longtable.sty)
(/usr/share/texlive/texmf-dist/tex/latex/tools/bm.sty)
(/usr/share/texlive/texmf-dist/tex/latex/base/alltt.sty)
(/usr/share/texlive/texmf-dist/tex/latex/tools/verbatim.sty)
(/usr/share/texlive/texmf-dist/tex/latex/url/url.sty)
(/usr/share/texlive/texmf-dist/tex/latex/base/textcomp.sty
(/usr/share/texlive/texmf-dist/tex/latex/base/ts1enc.def))
(/usr/share/texlive/texmf-dist/tex/latex/base/fontenc.sty
(/usr/share/texlive/texmf-dist/tex/latex/base/t1enc.def))
(/usr/share/texlive/texmf-dist/tex/latex/psnfss/times.sty)
(/usr/share/texlive/texmf-dist/tex/latex/inconsolata/zi4.sty
(/usr/share/texlive/texmf-dist/tex/latex/graphics/keyval.sty))
(/usr/share/texlive/texmf-dist/tex/latex/graphics/color.sty
(/usr/share/texlive/texmf-dist/tex/latex/latexconfig/color.cfg)
(/usr/share/texlive/texmf-dist/tex/latex/pdftex-def/pdftex.def
(/usr/share/texlive/texmf-dist/tex/generic/oberdiek/infwarerr.sty)
(/usr/share/texlive/texmf-dist/tex/generic/oberdiek/ltxcmds.sty)))
(/usr/share/texlive/texmf-dist/tex/latex/hyperref/hyperref.sty
(/usr/share/texlive/texmf-dist/tex/generic/oberdiek/hobsub-hyperref.sty
(/usr/share/texlive/texmf-dist/tex/generic/oberdiek/hobsub-generic.sty))
(/usr/share/texlive/texmf-dist/tex/generic/ifxetex/ifxetex.sty)
(/usr/share/texlive/texmf-dist/tex/latex/oberdiek/auxhook.sty)
(/usr/share/texlive/texmf-dist/tex/latex/oberdiek/kvoptions.sty)
(/usr/share/texlive/texmf-dist/tex/latex/hyperref/pd1enc.def)
(/usr/share/texlive/texmf-dist/tex/latex/latexconfig/hyperref.cfg))

Package hyperref Message: Driver (autodetected): hpdftex.

(/usr/share/texlive/texmf-dist/tex/latex/hyperref/hpdftex.def
(/usr/share/texlive/texmf-dist/tex/latex/oberdiek/rerunfilecheck.sty))

Package hyperref Warning: Option `hyperindex' has already been used,
(hyperref)                setting the option has no effect on input line 366.


Package hyperref Warning: Option `pagebackref' has already been used,
(hyperref)                setting the option has no effect on input line 366.

) (/usr/share/texlive/texmf-dist/tex/latex/base/makeidx.sty)
(/usr/share/texlive/texmf-dist/tex/latex/base/inputenc.sty
(/usr/share/texlive/texmf-dist/tex/latex/base/utf8.def
(/usr/share/texlive/texmf-dist/tex/latex/base/t1enc.dfu)
(/usr/share/texlive/texmf-dist/tex/latex/base/ot1enc.dfu)
(/usr/share/texlive/texmf-dist/tex/latex/base/omsenc.dfu)
(/usr/share/texlive/texmf-dist/tex/latex/base/ts1enc.dfu))
(/usr/share/texlive/texmf-dist/tex/latex/base/latin1.def))
Writing index file Rd2.idx
No file Rd2.aux.
(/usr/share/texlive/texmf-dist/tex/latex/base/ts1cmr.fd)
(/usr/share/texlive/texmf-dist/tex/latex/psnfss/t1ptm.fd)
(/usr/share/texlive/texmf-dist/tex/context/base/supp-pdf.mkii
[Loading MPS to PDF converter (version 2006.09.02).]
) (/usr/share/texlive/texmf-dist/tex/latex/hyperref/nameref.sty
(/usr/share/texlive/texmf-dist/tex/generic/oberdiek/gettitlestring.sty))
(/usr/share/texlive/texmf-dist/tex/latex/inconsolata/t1zi4.fd)
(/usr/share/texlive/texmf-dist/tex/latex/psnfss/t1phv.fd)
(/usr/share/texlive/texmf-dist/tex/latex/base/utf8.def)
Overfull \hbox (14.1886pt too wide) in alignment at lines 63--63
 [] [] 
[1{/var/lib/texmf/fonts/map/pdftex/updmap/pdftex.map}]
(/usr/share/texlive/texmf-dist/tex/latex/inconsolata/ts1zi4.fd) [2]
(/usr/share/texlive/texmf-dist/tex/latex/base/utf8.def) [3]
(/usr/share/texlive/texmf-dist/tex/latex/base/utf8.def)
Overfull \hbox (6.35663pt too wide) in paragraph at lines 172--174
[]\T1/ptm/m/n/10 fournit une liste d'indicateur à par-tir des don-nées d'un éta
b-lisse-ment ou d'un groupe d'établissements.

Overfull \hbox (26.07762pt too wide) in paragraph at lines 189--198
\T1/ptm/m/n/10 "n.ccmu3", "n.ccmu4", "n.ccmu5", "n.ccmuP", "n.ccmuD", "n.ccmu45
", "n.sorties.conf", "mean.passage",

Overfull \hbox (19.51749pt too wide) in paragraph at lines 189--198
\T1/ptm/m/n/10 "me-dian.passage", "n.passage4", "n.hosp.passage4", "n.dom.passa
ge4", "n.dom", "n.hosp", "n.transfert",
(/usr/share/texlive/texmf-dist/tex/latex/base/utf8.def) [4]
(/usr/share/texlive/texmf-dist/tex/latex/base/utf8.def) [5]
Overfull \hbox (5.281pt too wide) in paragraph at lines 292--292
 []       \T1/zi4/m/n/9 plot(x[, "DP"], main = "CH Saverne - DIAGNOSTIC PRINCIP
AL", ylab = "\% de complétude")[] 
(/usr/share/texlive/texmf-dist/tex/latex/base/utf8.def) [6]
(/usr/share/texlive/texmf-dist/tex/latex/psnfss/ts1ptm.fd)
(/usr/share/texlive/texmf-dist/tex/latex/base/utf8.def)
(/usr/share/texlive/texmf-dist/tex/latex/base/utf8.def) [7]
(/usr/share/texlive/texmf-dist/tex/latex/base/utf8.def) [8]
(/usr/share/texlive/texmf-dist/tex/latex/base/utf8.def)
(/usr/share/texlive/texmf-dist/tex/latex/base/utf8.def) [9]
(/usr/share/texlive/texmf-dist/tex/latex/base/utf8.def)
(/usr/share/texlive/texmf-dist/tex/latex/base/utf8.def) [10]
(/usr/share/texlive/texmf-dist/tex/latex/base/utf8.def)
(/usr/share/texlive/texmf-dist/tex/latex/base/utf8.def) [11]
(/usr/share/texlive/texmf-dist/tex/latex/base/utf8.def) [12]
(/usr/share/texlive/texmf-dist/tex/latex/base/utf8.def)
Overfull \hbox (10.22803pt too wide) in paragraph at lines 653--655
[]\T1/ptm/m/n/10 n.so.conforme.dom, n.duree.passage.inf4h.dom, p.passages.en.mo
ins.de.4h.dom, n.so.conforme.hosp,
(/usr/share/texlive/texmf-dist/tex/latex/base/utf8.def)
Overfull \hbox (0.7078pt too wide) in paragraph at lines 677--679
\T1/ptm/m/n/10 par ymd_hms Trans-form dates stored as char-ac-ter or nu-meric v
ec-tors to POSIXct
[13]
Overfull \hbox (5.28091pt too wide) in paragraph at lines 701--701
 []\T1/zi4/m/n/9 n.passages.nuit <- passages2(pop18$ENTREE, "nuit"); n.passages
.nuit[1]; n.passages.nuit[2][] 
(/usr/share/texlive/texmf-dist/tex/latex/base/utf8.def) [14]
(/usr/share/texlive/texmf-dist/tex/latex/base/utf8.def)
Overfull \hbox (161.78088pt too wide) in paragraph at lines 747--747
 []\T1/zi4/m/n/10 plot.xts2(x, y = NULL, type = "l", auto.grid = TRUE, major.ti
cks = "auto", minor.ticks = TRUE, major.format = TRUE,[] 

Overfull \hbox (9.78088pt too wide) in paragraph at lines 748--748
 []\T1/zi4/m/n/10 bar.col = "grey", candle.col = "white", ann = TRUE, axes = TR
UE, col = "black", ...)[] 
(/usr/share/texlive/texmf-dist/tex/latex/base/utf8.def)
Overfull \hbox (28.681pt too wide) in paragraph at lines 788--788
 []       \T1/zi4/m/n/9 print.summary.rpu(x, cnames = c("Jour","n"), caption = 
"Nombre de RPU par jour de semaine")[] 
(/usr/share/texlive/texmf-dist/tex/latex/base/utf8.def) [15]
(/usr/share/texlive/texmf-dist/tex/latex/base/utf8.def)
Overfull \hbox (14.78088pt too wide) in paragraph at lines 833--833
 []\T1/zi4/m/n/10 pyramide.age(dx, cut = 5, gap = 1, cex = 0.8,col.h = "light g
reen", col.f = "khaki1")[] 
(/usr/share/texlive/texmf-dist/tex/latex/base/utf8.def) [16]
(/usr/share/texlive/texmf-dist/tex/latex/base/utf8.def)
(/usr/share/texlive/texmf-dist/tex/latex/base/utf8.def) [17]
(/usr/share/texlive/texmf-dist/tex/latex/base/utf8.def) [18]
(/usr/share/texlive/texmf-dist/tex/latex/base/utf8.def)
Overfull \hbox (125.88098pt too wide) in paragraph at lines 1012--1012
 []\T1/zi4/m/n/9 legend("topleft", inset = c(0, -0.1), legend = c("Brut","Stand
ardisé"), bty = "n", col = c("black","gray80"), pch = 15)[] 
(/usr/share/texlive/texmf-dist/tex/latex/base/utf8.def) [19]
(/usr/share/texlive/texmf-dist/tex/latex/base/utf8.def)
(/usr/share/texlive/texmf-dist/tex/latex/base/utf8.def) [20]
(/usr/share/texlive/texmf-dist/tex/latex/base/utf8.def)
Overfull \hbox (25.14818pt too wide) in paragraph at lines 1124--1126
\T1/ptm/m/n/10 "n.ccmup", "n.ccmud", "p.ccmu1", "p.ccmu2", "p.ccmu3", "p.ccmu4"
, "p.ccmu5", "p.ccmup", "p.ccmud") 
(/usr/share/texlive/texmf-dist/tex/latex/base/utf8.def) [21]
(/usr/share/texlive/texmf-dist/tex/latex/base/utf8.def)
(/usr/share/texlive/texmf-dist/tex/latex/base/utf8.def) [22]
(/usr/share/texlive/texmf-dist/tex/latex/base/utf8.def)
(/usr/share/texlive/texmf-dist/tex/latex/base/utf8.def) [23]
(/usr/share/texlive/texmf-dist/tex/latex/base/utf8.def)
(/usr/share/texlive/texmf-dist/tex/latex/base/utf8.def) [24]
(/usr/share/texlive/texmf-dist/tex/latex/base/utf8.def)
Overfull \hbox (10.43814pt too wide) in paragraph at lines 1367--1372
\T1/ptm/m/n/10 "n.ho", "n.hdt", "n.reo", "n.scam", "n.psa", "p.chir", "p.med", 
"p.obst", "p.si", "p.sc", "p.rea", "p.uhcd",
(/usr/share/texlive/texmf-dist/tex/latex/base/utf8.def) [25]
Overfull \hbox (70.18681pt too wide) in paragraph at lines 1394--1406
\T1/ptm/m/n/10 d'un pas-sage en min-utes duree.mediane.passage durée mé-di-ane 
d'un pas-sage en min-utes duree.moyenne.passage.dom
(/usr/share/texlive/texmf-dist/tex/latex/base/utf8.def) [26]
(/usr/share/texlive/texmf-dist/tex/latex/base/utf8.def)
Overfull \hbox (4.53748pt too wide) in paragraph at lines 1477--1479
[]\T1/ptm/m/n/10 vecteur nommé: "N", "n.na", "n.rens", "p.rens", "n.hommes", "n
.femmes", "p.hommes", "p.femmes",
(/usr/share/texlive/texmf-dist/tex/latex/base/utf8.def) [27]
(/usr/share/texlive/texmf-dist/tex/latex/base/utf8.def) [28]
(/usr/share/texlive/texmf-dist/tex/latex/base/utf8.def)
(/usr/share/texlive/texmf-dist/tex/latex/base/utf8.def) [29]
Overfull \hbox (26.88101pt too wide) in paragraph at lines 1613--1613
 []      \T1/zi4/m/n/9 plot(t[,"DATE DE SORTIE"], type = "l", main = "Mode de s
ortie", ylab = "Taux de completude")[] 

Overfull \hbox (0.781pt too wide) in paragraph at lines 1617--1617
 []     \T1/zi4/m/n/9 boxplot(t, las = 2, cex.axis = 0.8, ylab = "\% de complet
ude", main = "Complétude RPU")[] 
(/usr/share/texlive/texmf-dist/tex/latex/base/utf8.def) [30]
(/usr/share/texlive/texmf-dist/tex/latex/base/utf8.def)
No file Rd2.ind.
[31] (./Rd2.aux)

Package rerunfilecheck Warning: File `Rd2.out' has changed.
(rerunfilecheck)                Rerun to get outlines right
(rerunfilecheck)                or use package `bookmark'.

 )
(see the transcript file for additional information)pdfTeX warning (dest): name
{Rfn.<pkg>} has been referenced but does not exist, replaced by a fixed one

{/usr/share/texlive/texmf-dist/fonts/enc/dvips/inconsolata/i4-ts1.enc}{/usr/sha
re/texlive/texmf-dist/fonts/enc/dvips/base/8r.enc}{/usr/share/texlive/texmf-dis
t/fonts/enc/dvips/inconsolata/i4-t1-0.enc}</usr/share/texlive/texmf-dist/fonts/
type1/public/inconsolata/Inconsolata-zi4r.pfb></usr/share/texlive/texmf-dist/fo
nts/type1/urw/helvetic/uhvr8a.pfb></usr/share/texlive/texmf-dist/fonts/type1/ur
w/times/utmb8a.pfb></usr/share/texlive/texmf-dist/fonts/type1/urw/times/utmr8a.
pfb></usr/share/texlive/texmf-dist/fonts/type1/urw/times/utmr8a.pfb></usr/share
/texlive/texmf-dist/fonts/type1/urw/times/utmri8a.pfb>
Output written on Rd2.pdf (31 pages, 124534 bytes).
Transcript written on Rd2.log.
This is makeindex, version 2.15 [TeX Live 2013] (kpathsea + Thai support).
Scanning input file Rd2.idx....done (58 entries accepted, 0 rejected).
Sorting entries....done (331 comparisons).
Generating output file Rd2.ind....done (101 lines written, 0 warnings).
Output written in Rd2.ind.
Transcript written in Rd2.ilg.
This is pdfTeX, Version 3.1415926-2.5-1.40.14 (TeX Live 2013/Debian)
 restricted \write18 enabled.
entering extended mode
LaTeX2e <2011/06/27>
Babel <3.9h> and hyphenation patterns for 6 languages loaded.
(./Rd2.tex
(/usr/share/texlive/texmf-dist/tex/latex/base/book.cls
Document Class: book 2007/10/19 v1.4h Standard LaTeX document class
(/usr/share/texlive/texmf-dist/tex/latex/base/bk10.clo))
(/usr/share/R/share/texmf/tex/latex/Rd.sty
(/usr/share/texlive/texmf-dist/tex/latex/base/ifthen.sty)
(/usr/share/texlive/texmf-dist/tex/latex/tools/longtable.sty)
(/usr/share/texlive/texmf-dist/tex/latex/tools/bm.sty)
(/usr/share/texlive/texmf-dist/tex/latex/base/alltt.sty)
(/usr/share/texlive/texmf-dist/tex/latex/tools/verbatim.sty)
(/usr/share/texlive/texmf-dist/tex/latex/url/url.sty)
(/usr/share/texlive/texmf-dist/tex/latex/base/textcomp.sty
(/usr/share/texlive/texmf-dist/tex/latex/base/ts1enc.def))
(/usr/share/texlive/texmf-dist/tex/latex/base/fontenc.sty
(/usr/share/texlive/texmf-dist/tex/latex/base/t1enc.def))
(/usr/share/texlive/texmf-dist/tex/latex/psnfss/times.sty)
(/usr/share/texlive/texmf-dist/tex/latex/inconsolata/zi4.sty
(/usr/share/texlive/texmf-dist/tex/latex/graphics/keyval.sty))
(/usr/share/texlive/texmf-dist/tex/latex/graphics/color.sty
(/usr/share/texlive/texmf-dist/tex/latex/latexconfig/color.cfg)
(/usr/share/texlive/texmf-dist/tex/latex/pdftex-def/pdftex.def
(/usr/share/texlive/texmf-dist/tex/generic/oberdiek/infwarerr.sty)
(/usr/share/texlive/texmf-dist/tex/generic/oberdiek/ltxcmds.sty)))
(/usr/share/texlive/texmf-dist/tex/latex/hyperref/hyperref.sty
(/usr/share/texlive/texmf-dist/tex/generic/oberdiek/hobsub-hyperref.sty
(/usr/share/texlive/texmf-dist/tex/generic/oberdiek/hobsub-generic.sty))
(/usr/share/texlive/texmf-dist/tex/generic/ifxetex/ifxetex.sty)
(/usr/share/texlive/texmf-dist/tex/latex/oberdiek/auxhook.sty)
(/usr/share/texlive/texmf-dist/tex/latex/oberdiek/kvoptions.sty)
(/usr/share/texlive/texmf-dist/tex/latex/hyperref/pd1enc.def)
(/usr/share/texlive/texmf-dist/tex/latex/latexconfig/hyperref.cfg))

Package hyperref Message: Driver (autodetected): hpdftex.

(/usr/share/texlive/texmf-dist/tex/latex/hyperref/hpdftex.def
(/usr/share/texlive/texmf-dist/tex/latex/oberdiek/rerunfilecheck.sty))

Package hyperref Warning: Option `hyperindex' has already been used,
(hyperref)                setting the option has no effect on input line 366.


Package hyperref Warning: Option `pagebackref' has already been used,
(hyperref)                setting the option has no effect on input line 366.

) (/usr/share/texlive/texmf-dist/tex/latex/base/makeidx.sty)
(/usr/share/texlive/texmf-dist/tex/latex/base/inputenc.sty
(/usr/share/texlive/texmf-dist/tex/latex/base/utf8.def
(/usr/share/texlive/texmf-dist/tex/latex/base/t1enc.dfu)
(/usr/share/texlive/texmf-dist/tex/latex/base/ot1enc.dfu)
(/usr/share/texlive/texmf-dist/tex/latex/base/omsenc.dfu)
(/usr/share/texlive/texmf-dist/tex/latex/base/ts1enc.dfu))
(/usr/share/texlive/texmf-dist/tex/latex/base/latin1.def))
Writing index file Rd2.idx
(./Rd2.aux) (/usr/share/texlive/texmf-dist/tex/latex/base/ts1cmr.fd)
(/usr/share/texlive/texmf-dist/tex/latex/psnfss/t1ptm.fd)
(/usr/share/texlive/texmf-dist/tex/context/base/supp-pdf.mkii
[Loading MPS to PDF converter (version 2006.09.02).]
) (/usr/share/texlive/texmf-dist/tex/latex/hyperref/nameref.sty
(/usr/share/texlive/texmf-dist/tex/generic/oberdiek/gettitlestring.sty))
(./Rd2.out) (./Rd2.out)
(/usr/share/texlive/texmf-dist/tex/latex/inconsolata/t1zi4.fd)
(/usr/share/texlive/texmf-dist/tex/latex/psnfss/t1phv.fd) (./Rd2.toc [1{/var/li
b/texmf/fonts/map/pdftex/updmap/pdftex.map}])
(/usr/share/texlive/texmf-dist/tex/latex/base/utf8.def)
Overfull \hbox (14.1886pt too wide) in alignment at lines 63--63
 [] [] 
[2] (/usr/share/texlive/texmf-dist/tex/latex/inconsolata/ts1zi4.fd) [3]
(/usr/share/texlive/texmf-dist/tex/latex/base/utf8.def) [4]
(/usr/share/texlive/texmf-dist/tex/latex/base/utf8.def)
Overfull \hbox (6.35663pt too wide) in paragraph at lines 172--174
[]\T1/ptm/m/n/10 fournit une liste d'indicateur à par-tir des don-nées d'un éta
b-lisse-ment ou d'un groupe d'établissements.

Overfull \hbox (26.07762pt too wide) in paragraph at lines 189--198
\T1/ptm/m/n/10 "n.ccmu3", "n.ccmu4", "n.ccmu5", "n.ccmuP", "n.ccmuD", "n.ccmu45
", "n.sorties.conf", "mean.passage",

Overfull \hbox (19.51749pt too wide) in paragraph at lines 189--198
\T1/ptm/m/n/10 "me-dian.passage", "n.passage4", "n.hosp.passage4", "n.dom.passa
ge4", "n.dom", "n.hosp", "n.transfert",
(/usr/share/texlive/texmf-dist/tex/latex/base/utf8.def) [5]
(/usr/share/texlive/texmf-dist/tex/latex/base/utf8.def) [6]
Overfull \hbox (5.281pt too wide) in paragraph at lines 292--292
 []       \T1/zi4/m/n/9 plot(x[, "DP"], main = "CH Saverne - DIAGNOSTIC PRINCIP
AL", ylab = "\% de complétude")[] 
(/usr/share/texlive/texmf-dist/tex/latex/base/utf8.def) [7]
(/usr/share/texlive/texmf-dist/tex/latex/psnfss/ts1ptm.fd)
(/usr/share/texlive/texmf-dist/tex/latex/base/utf8.def)
(/usr/share/texlive/texmf-dist/tex/latex/base/utf8.def) [8]
(/usr/share/texlive/texmf-dist/tex/latex/base/utf8.def) [9]
(/usr/share/texlive/texmf-dist/tex/latex/base/utf8.def)
(/usr/share/texlive/texmf-dist/tex/latex/base/utf8.def) [10]
(/usr/share/texlive/texmf-dist/tex/latex/base/utf8.def)
(/usr/share/texlive/texmf-dist/tex/latex/base/utf8.def) [11]
(/usr/share/texlive/texmf-dist/tex/latex/base/utf8.def)
(/usr/share/texlive/texmf-dist/tex/latex/base/utf8.def) [12]
(/usr/share/texlive/texmf-dist/tex/latex/base/utf8.def) [13]
(/usr/share/texlive/texmf-dist/tex/latex/base/utf8.def)
Overfull \hbox (10.22803pt too wide) in paragraph at lines 653--655
[]\T1/ptm/m/n/10 n.so.conforme.dom, n.duree.passage.inf4h.dom, p.passages.en.mo
ins.de.4h.dom, n.so.conforme.hosp,
(/usr/share/texlive/texmf-dist/tex/latex/base/utf8.def)
Overfull \hbox (0.7078pt too wide) in paragraph at lines 677--679
\T1/ptm/m/n/10 par ymd_hms Trans-form dates stored as char-ac-ter or nu-meric v
ec-tors to POSIXct
[14]
Overfull \hbox (5.28091pt too wide) in paragraph at lines 701--701
 []\T1/zi4/m/n/9 n.passages.nuit <- passages2(pop18$ENTREE, "nuit"); n.passages
.nuit[1]; n.passages.nuit[2][] 
(/usr/share/texlive/texmf-dist/tex/latex/base/utf8.def) [15]
(/usr/share/texlive/texmf-dist/tex/latex/base/utf8.def)
Overfull \hbox (161.78088pt too wide) in paragraph at lines 747--747
 []\T1/zi4/m/n/10 plot.xts2(x, y = NULL, type = "l", auto.grid = TRUE, major.ti
cks = "auto", minor.ticks = TRUE, major.format = TRUE,[] 

Overfull \hbox (9.78088pt too wide) in paragraph at lines 748--748
 []\T1/zi4/m/n/10 bar.col = "grey", candle.col = "white", ann = TRUE, axes = TR
UE, col = "black", ...)[] 
(/usr/share/texlive/texmf-dist/tex/latex/base/utf8.def)
Overfull \hbox (28.681pt too wide) in paragraph at lines 788--788
 []       \T1/zi4/m/n/9 print.summary.rpu(x, cnames = c("Jour","n"), caption = 
"Nombre de RPU par jour de semaine")[] 
(/usr/share/texlive/texmf-dist/tex/latex/base/utf8.def) [16]
(/usr/share/texlive/texmf-dist/tex/latex/base/utf8.def)
Overfull \hbox (14.78088pt too wide) in paragraph at lines 833--833
 []\T1/zi4/m/n/10 pyramide.age(dx, cut = 5, gap = 1, cex = 0.8,col.h = "light g
reen", col.f = "khaki1")[] 
(/usr/share/texlive/texmf-dist/tex/latex/base/utf8.def) [17]
(/usr/share/texlive/texmf-dist/tex/latex/base/utf8.def)
(/usr/share/texlive/texmf-dist/tex/latex/base/utf8.def) [18]
(/usr/share/texlive/texmf-dist/tex/latex/base/utf8.def) [19]
(/usr/share/texlive/texmf-dist/tex/latex/base/utf8.def)
Overfull \hbox (125.88098pt too wide) in paragraph at lines 1012--1012
 []\T1/zi4/m/n/9 legend("topleft", inset = c(0, -0.1), legend = c("Brut","Stand
ardisé"), bty = "n", col = c("black","gray80"), pch = 15)[] 
(/usr/share/texlive/texmf-dist/tex/latex/base/utf8.def) [20]
(/usr/share/texlive/texmf-dist/tex/latex/base/utf8.def)
(/usr/share/texlive/texmf-dist/tex/latex/base/utf8.def) [21]
(/usr/share/texlive/texmf-dist/tex/latex/base/utf8.def)
Overfull \hbox (25.14818pt too wide) in paragraph at lines 1124--1126
\T1/ptm/m/n/10 "n.ccmup", "n.ccmud", "p.ccmu1", "p.ccmu2", "p.ccmu3", "p.ccmu4"
, "p.ccmu5", "p.ccmup", "p.ccmud") 
(/usr/share/texlive/texmf-dist/tex/latex/base/utf8.def) [22]
(/usr/share/texlive/texmf-dist/tex/latex/base/utf8.def)
(/usr/share/texlive/texmf-dist/tex/latex/base/utf8.def) [23]
(/usr/share/texlive/texmf-dist/tex/latex/base/utf8.def)
(/usr/share/texlive/texmf-dist/tex/latex/base/utf8.def) [24]
(/usr/share/texlive/texmf-dist/tex/latex/base/utf8.def)
(/usr/share/texlive/texmf-dist/tex/latex/base/utf8.def) [25]
(/usr/share/texlive/texmf-dist/tex/latex/base/utf8.def)
Overfull \hbox (10.43814pt too wide) in paragraph at lines 1367--1372
\T1/ptm/m/n/10 "n.ho", "n.hdt", "n.reo", "n.scam", "n.psa", "p.chir", "p.med", 
"p.obst", "p.si", "p.sc", "p.rea", "p.uhcd",
(/usr/share/texlive/texmf-dist/tex/latex/base/utf8.def) [26]
Overfull \hbox (70.18681pt too wide) in paragraph at lines 1394--1406
\T1/ptm/m/n/10 d'un pas-sage en min-utes duree.mediane.passage durée mé-di-ane 
d'un pas-sage en min-utes duree.moyenne.passage.dom
(/usr/share/texlive/texmf-dist/tex/latex/base/utf8.def) [27]
(/usr/share/texlive/texmf-dist/tex/latex/base/utf8.def)
Overfull \hbox (4.53748pt too wide) in paragraph at lines 1477--1479
[]\T1/ptm/m/n/10 vecteur nommé: "N", "n.na", "n.rens", "p.rens", "n.hommes", "n
.femmes", "p.hommes", "p.femmes",
(/usr/share/texlive/texmf-dist/tex/latex/base/utf8.def) [28]
(/usr/share/texlive/texmf-dist/tex/latex/base/utf8.def) [29]
(/usr/share/texlive/texmf-dist/tex/latex/base/utf8.def)
(/usr/share/texlive/texmf-dist/tex/latex/base/utf8.def) [30]
Overfull \hbox (26.88101pt too wide) in paragraph at lines 1613--1613
 []      \T1/zi4/m/n/9 plot(t[,"DATE DE SORTIE"], type = "l", main = "Mode de s
ortie", ylab = "Taux de completude")[] 

Overfull \hbox (0.781pt too wide) in paragraph at lines 1617--1617
 []     \T1/zi4/m/n/9 boxplot(t, las = 2, cex.axis = 0.8, ylab = "\% de complet
ude", main = "Complétude RPU")[] 
(/usr/share/texlive/texmf-dist/tex/latex/base/utf8.def) [31]
(/usr/share/texlive/texmf-dist/tex/latex/base/utf8.def) (./Rd2.ind [32]

LaTeX Font Warning: Font shape `T1/zi4/m/it' undefined
(Font)              using `T1/zi4/m/n' instead on input line 70.

[33]) (./Rd2.aux)

Package rerunfilecheck Warning: File `Rd2.out' has changed.
(rerunfilecheck)                Rerun to get outlines right
(rerunfilecheck)                or use package `bookmark'.


LaTeX Font Warning: Some font shapes were not available, defaults substituted.

 )
(see the transcript file for additional information)pdfTeX warning (dest): name
{Rfn.<pkg>} has been referenced but does not exist, replaced by a fixed one

{/usr/share/texlive/texmf-dist/fonts/enc/dvips/inconsolata/i4-ts1.enc}{/usr/sha
re/texlive/texmf-dist/fonts/enc/dvips/base/8r.enc}{/usr/share/texlive/texmf-dis
t/fonts/enc/dvips/inconsolata/i4-t1-0.enc}</usr/share/texlive/texmf-dist/fonts/
type1/public/inconsolata/Inconsolata-zi4r.pfb></usr/share/texlive/texmf-dist/fo
nts/type1/public/amsfonts/cm/cmsy10.pfb></usr/share/texlive/texmf-dist/fonts/ty
pe1/urw/helvetic/uhvr8a.pfb></usr/share/texlive/texmf-dist/fonts/type1/urw/time
s/utmb8a.pfb></usr/share/texlive/texmf-dist/fonts/type1/urw/times/utmr8a.pfb></
usr/share/texlive/texmf-dist/fonts/type1/urw/times/utmr8a.pfb></usr/share/texli
ve/texmf-dist/fonts/type1/urw/times/utmri8a.pfb>
Output written on Rd2.pdf (33 pages, 140718 bytes).
Transcript written on Rd2.log.
This is makeindex, version 2.15 [TeX Live 2013] (kpathsea + Thai support).
Scanning input file Rd2.idx....done (58 entries accepted, 0 rejected).
Sorting entries....done (331 comparisons).
Generating output file Rd2.ind....done (101 lines written, 0 warnings).
Output written in Rd2.ind.
Transcript written in Rd2.ilg.
This is pdfTeX, Version 3.1415926-2.5-1.40.14 (TeX Live 2013/Debian)
 restricted \write18 enabled.
entering extended mode
LaTeX2e <2011/06/27>
Babel <3.9h> and hyphenation patterns for 6 languages loaded.
(./Rd2.tex
(/usr/share/texlive/texmf-dist/tex/latex/base/book.cls
Document Class: book 2007/10/19 v1.4h Standard LaTeX document class
(/usr/share/texlive/texmf-dist/tex/latex/base/bk10.clo))
(/usr/share/R/share/texmf/tex/latex/Rd.sty
(/usr/share/texlive/texmf-dist/tex/latex/base/ifthen.sty)
(/usr/share/texlive/texmf-dist/tex/latex/tools/longtable.sty)
(/usr/share/texlive/texmf-dist/tex/latex/tools/bm.sty)
(/usr/share/texlive/texmf-dist/tex/latex/base/alltt.sty)
(/usr/share/texlive/texmf-dist/tex/latex/tools/verbatim.sty)
(/usr/share/texlive/texmf-dist/tex/latex/url/url.sty)
(/usr/share/texlive/texmf-dist/tex/latex/base/textcomp.sty
(/usr/share/texlive/texmf-dist/tex/latex/base/ts1enc.def))
(/usr/share/texlive/texmf-dist/tex/latex/base/fontenc.sty
(/usr/share/texlive/texmf-dist/tex/latex/base/t1enc.def))
(/usr/share/texlive/texmf-dist/tex/latex/psnfss/times.sty)
(/usr/share/texlive/texmf-dist/tex/latex/inconsolata/zi4.sty
(/usr/share/texlive/texmf-dist/tex/latex/graphics/keyval.sty))
(/usr/share/texlive/texmf-dist/tex/latex/graphics/color.sty
(/usr/share/texlive/texmf-dist/tex/latex/latexconfig/color.cfg)
(/usr/share/texlive/texmf-dist/tex/latex/pdftex-def/pdftex.def
(/usr/share/texlive/texmf-dist/tex/generic/oberdiek/infwarerr.sty)
(/usr/share/texlive/texmf-dist/tex/generic/oberdiek/ltxcmds.sty)))
(/usr/share/texlive/texmf-dist/tex/latex/hyperref/hyperref.sty
(/usr/share/texlive/texmf-dist/tex/generic/oberdiek/hobsub-hyperref.sty
(/usr/share/texlive/texmf-dist/tex/generic/oberdiek/hobsub-generic.sty))
(/usr/share/texlive/texmf-dist/tex/generic/ifxetex/ifxetex.sty)
(/usr/share/texlive/texmf-dist/tex/latex/oberdiek/auxhook.sty)
(/usr/share/texlive/texmf-dist/tex/latex/oberdiek/kvoptions.sty)
(/usr/share/texlive/texmf-dist/tex/latex/hyperref/pd1enc.def)
(/usr/share/texlive/texmf-dist/tex/latex/latexconfig/hyperref.cfg))

Package hyperref Message: Driver (autodetected): hpdftex.

(/usr/share/texlive/texmf-dist/tex/latex/hyperref/hpdftex.def
(/usr/share/texlive/texmf-dist/tex/latex/oberdiek/rerunfilecheck.sty))

Package hyperref Warning: Option `hyperindex' has already been used,
(hyperref)                setting the option has no effect on input line 366.


Package hyperref Warning: Option `pagebackref' has already been used,
(hyperref)                setting the option has no effect on input line 366.

) (/usr/share/texlive/texmf-dist/tex/latex/base/makeidx.sty)
(/usr/share/texlive/texmf-dist/tex/latex/base/inputenc.sty
(/usr/share/texlive/texmf-dist/tex/latex/base/utf8.def
(/usr/share/texlive/texmf-dist/tex/latex/base/t1enc.dfu)
(/usr/share/texlive/texmf-dist/tex/latex/base/ot1enc.dfu)
(/usr/share/texlive/texmf-dist/tex/latex/base/omsenc.dfu)
(/usr/share/texlive/texmf-dist/tex/latex/base/ts1enc.dfu))
(/usr/share/texlive/texmf-dist/tex/latex/base/latin1.def))
Writing index file Rd2.idx
(./Rd2.aux) (/usr/share/texlive/texmf-dist/tex/latex/base/ts1cmr.fd)
(/usr/share/texlive/texmf-dist/tex/latex/psnfss/t1ptm.fd)
(/usr/share/texlive/texmf-dist/tex/context/base/supp-pdf.mkii
[Loading MPS to PDF converter (version 2006.09.02).]
) (/usr/share/texlive/texmf-dist/tex/latex/hyperref/nameref.sty
(/usr/share/texlive/texmf-dist/tex/generic/oberdiek/gettitlestring.sty))
(./Rd2.out) (./Rd2.out)
(/usr/share/texlive/texmf-dist/tex/latex/inconsolata/t1zi4.fd)
(/usr/share/texlive/texmf-dist/tex/latex/psnfss/t1phv.fd) (./Rd2.toc [1{/var/li
b/texmf/fonts/map/pdftex/updmap/pdftex.map}])
(/usr/share/texlive/texmf-dist/tex/latex/base/utf8.def)
Overfull \hbox (14.1886pt too wide) in alignment at lines 63--63
 [] [] 
[2] (/usr/share/texlive/texmf-dist/tex/latex/inconsolata/ts1zi4.fd) [3]
(/usr/share/texlive/texmf-dist/tex/latex/base/utf8.def) [4]
(/usr/share/texlive/texmf-dist/tex/latex/base/utf8.def)
Overfull \hbox (6.35663pt too wide) in paragraph at lines 172--174
[]\T1/ptm/m/n/10 fournit une liste d'indicateur à par-tir des don-nées d'un éta
b-lisse-ment ou d'un groupe d'établissements.

Overfull \hbox (26.07762pt too wide) in paragraph at lines 189--198
\T1/ptm/m/n/10 "n.ccmu3", "n.ccmu4", "n.ccmu5", "n.ccmuP", "n.ccmuD", "n.ccmu45
", "n.sorties.conf", "mean.passage",

Overfull \hbox (19.51749pt too wide) in paragraph at lines 189--198
\T1/ptm/m/n/10 "me-dian.passage", "n.passage4", "n.hosp.passage4", "n.dom.passa
ge4", "n.dom", "n.hosp", "n.transfert",
[5] (/usr/share/texlive/texmf-dist/tex/latex/base/utf8.def)
(/usr/share/texlive/texmf-dist/tex/latex/base/utf8.def) [6]
Overfull \hbox (5.281pt too wide) in paragraph at lines 292--292
 []       \T1/zi4/m/n/9 plot(x[, "DP"], main = "CH Saverne - DIAGNOSTIC PRINCIP
AL", ylab = "\% de complétude")[] 
(/usr/share/texlive/texmf-dist/tex/latex/base/utf8.def) [7]
(/usr/share/texlive/texmf-dist/tex/latex/psnfss/ts1ptm.fd)
(/usr/share/texlive/texmf-dist/tex/latex/base/utf8.def) [8]
(/usr/share/texlive/texmf-dist/tex/latex/base/utf8.def)
(/usr/share/texlive/texmf-dist/tex/latex/base/utf8.def) [9]
(/usr/share/texlive/texmf-dist/tex/latex/base/utf8.def)
(/usr/share/texlive/texmf-dist/tex/latex/base/utf8.def) [10]
(/usr/share/texlive/texmf-dist/tex/latex/base/utf8.def)
(/usr/share/texlive/texmf-dist/tex/latex/base/utf8.def) [11]
(/usr/share/texlive/texmf-dist/tex/latex/base/utf8.def)
(/usr/share/texlive/texmf-dist/tex/latex/base/utf8.def) [12]
(/usr/share/texlive/texmf-dist/tex/latex/base/utf8.def) [13]
(/usr/share/texlive/texmf-dist/tex/latex/base/utf8.def)
Overfull \hbox (10.22803pt too wide) in paragraph at lines 653--655
[]\T1/ptm/m/n/10 n.so.conforme.dom, n.duree.passage.inf4h.dom, p.passages.en.mo
ins.de.4h.dom, n.so.conforme.hosp,
(/usr/share/texlive/texmf-dist/tex/latex/base/utf8.def)
Overfull \hbox (0.7078pt too wide) in paragraph at lines 677--679
\T1/ptm/m/n/10 par ymd_hms Trans-form dates stored as char-ac-ter or nu-meric v
ec-tors to POSIXct
[14]
Overfull \hbox (5.28091pt too wide) in paragraph at lines 701--701
 []\T1/zi4/m/n/9 n.passages.nuit <- passages2(pop18$ENTREE, "nuit"); n.passages
.nuit[1]; n.passages.nuit[2][] 
(/usr/share/texlive/texmf-dist/tex/latex/base/utf8.def) [15]
(/usr/share/texlive/texmf-dist/tex/latex/base/utf8.def)
Overfull \hbox (161.78088pt too wide) in paragraph at lines 747--747
 []\T1/zi4/m/n/10 plot.xts2(x, y = NULL, type = "l", auto.grid = TRUE, major.ti
cks = "auto", minor.ticks = TRUE, major.format = TRUE,[] 

Overfull \hbox (9.78088pt too wide) in paragraph at lines 748--748
 []\T1/zi4/m/n/10 bar.col = "grey", candle.col = "white", ann = TRUE, axes = TR
UE, col = "black", ...)[] 
(/usr/share/texlive/texmf-dist/tex/latex/base/utf8.def)
Overfull \hbox (28.681pt too wide) in paragraph at lines 788--788
 []       \T1/zi4/m/n/9 print.summary.rpu(x, cnames = c("Jour","n"), caption = 
"Nombre de RPU par jour de semaine")[] 
(/usr/share/texlive/texmf-dist/tex/latex/base/utf8.def) [16]
(/usr/share/texlive/texmf-dist/tex/latex/base/utf8.def)
Overfull \hbox (14.78088pt too wide) in paragraph at lines 833--833
 []\T1/zi4/m/n/10 pyramide.age(dx, cut = 5, gap = 1, cex = 0.8,col.h = "light g
reen", col.f = "khaki1")[] 
(/usr/share/texlive/texmf-dist/tex/latex/base/utf8.def) [17]
(/usr/share/texlive/texmf-dist/tex/latex/base/utf8.def)
(/usr/share/texlive/texmf-dist/tex/latex/base/utf8.def) [18]
(/usr/share/texlive/texmf-dist/tex/latex/base/utf8.def) [19]
(/usr/share/texlive/texmf-dist/tex/latex/base/utf8.def)
Overfull \hbox (125.88098pt too wide) in paragraph at lines 1012--1012
 []\T1/zi4/m/n/9 legend("topleft", inset = c(0, -0.1), legend = c("Brut","Stand
ardisé"), bty = "n", col = c("black","gray80"), pch = 15)[] 
(/usr/share/texlive/texmf-dist/tex/latex/base/utf8.def) [20]
(/usr/share/texlive/texmf-dist/tex/latex/base/utf8.def)
(/usr/share/texlive/texmf-dist/tex/latex/base/utf8.def) [21]
(/usr/share/texlive/texmf-dist/tex/latex/base/utf8.def)
Overfull \hbox (25.14818pt too wide) in paragraph at lines 1124--1126
\T1/ptm/m/n/10 "n.ccmup", "n.ccmud", "p.ccmu1", "p.ccmu2", "p.ccmu3", "p.ccmu4"
, "p.ccmu5", "p.ccmup", "p.ccmud") 
(/usr/share/texlive/texmf-dist/tex/latex/base/utf8.def) [22]
(/usr/share/texlive/texmf-dist/tex/latex/base/utf8.def)
(/usr/share/texlive/texmf-dist/tex/latex/base/utf8.def) [23]
(/usr/share/texlive/texmf-dist/tex/latex/base/utf8.def)
(/usr/share/texlive/texmf-dist/tex/latex/base/utf8.def) [24]
(/usr/share/texlive/texmf-dist/tex/latex/base/utf8.def)
(/usr/share/texlive/texmf-dist/tex/latex/base/utf8.def) [25]
(/usr/share/texlive/texmf-dist/tex/latex/base/utf8.def)
Overfull \hbox (10.43814pt too wide) in paragraph at lines 1367--1372
\T1/ptm/m/n/10 "n.ho", "n.hdt", "n.reo", "n.scam", "n.psa", "p.chir", "p.med", 
"p.obst", "p.si", "p.sc", "p.rea", "p.uhcd",
(/usr/share/texlive/texmf-dist/tex/latex/base/utf8.def) [26]
Overfull \hbox (70.18681pt too wide) in paragraph at lines 1394--1406
\T1/ptm/m/n/10 d'un pas-sage en min-utes duree.mediane.passage durée mé-di-ane 
d'un pas-sage en min-utes duree.moyenne.passage.dom
(/usr/share/texlive/texmf-dist/tex/latex/base/utf8.def) [27]
(/usr/share/texlive/texmf-dist/tex/latex/base/utf8.def)
Overfull \hbox (4.53748pt too wide) in paragraph at lines 1477--1479
[]\T1/ptm/m/n/10 vecteur nommé: "N", "n.na", "n.rens", "p.rens", "n.hommes", "n
.femmes", "p.hommes", "p.femmes",
(/usr/share/texlive/texmf-dist/tex/latex/base/utf8.def) [28]
(/usr/share/texlive/texmf-dist/tex/latex/base/utf8.def) [29]
(/usr/share/texlive/texmf-dist/tex/latex/base/utf8.def)
(/usr/share/texlive/texmf-dist/tex/latex/base/utf8.def) [30]
Overfull \hbox (26.88101pt too wide) in paragraph at lines 1613--1613
 []      \T1/zi4/m/n/9 plot(t[,"DATE DE SORTIE"], type = "l", main = "Mode de s
ortie", ylab = "Taux de completude")[] 

Overfull \hbox (0.781pt too wide) in paragraph at lines 1617--1617
 []     \T1/zi4/m/n/9 boxplot(t, las = 2, cex.axis = 0.8, ylab = "\% de complet
ude", main = "Complétude RPU")[] 
(/usr/share/texlive/texmf-dist/tex/latex/base/utf8.def) [31]
(/usr/share/texlive/texmf-dist/tex/latex/base/utf8.def) (./Rd2.ind [32]

LaTeX Font Warning: Font shape `T1/zi4/m/it' undefined
(Font)              using `T1/zi4/m/n' instead on input line 70.

[33]) (./Rd2.aux)

LaTeX Font Warning: Some font shapes were not available, defaults substituted.

 )
(see the transcript file for additional information)pdfTeX warning (dest): name
{Rfn.<pkg>} has been referenced but does not exist, replaced by a fixed one

{/usr/share/texlive/texmf-dist/fonts/enc/dvips/inconsolata/i4-ts1.enc}{/usr/sha
re/texlive/texmf-dist/fonts/enc/dvips/base/8r.enc}{/usr/share/texlive/texmf-dis
t/fonts/enc/dvips/inconsolata/i4-t1-0.enc}</usr/share/texlive/texmf-dist/fonts/
type1/public/inconsolata/Inconsolata-zi4r.pfb></usr/share/texlive/texmf-dist/fo
nts/type1/public/amsfonts/cm/cmsy10.pfb></usr/share/texlive/texmf-dist/fonts/ty
pe1/urw/helvetic/uhvr8a.pfb></usr/share/texlive/texmf-dist/fonts/type1/urw/time
s/utmb8a.pfb></usr/share/texlive/texmf-dist/fonts/type1/urw/times/utmr8a.pfb></
usr/share/texlive/texmf-dist/fonts/type1/urw/times/utmr8a.pfb></usr/share/texli
ve/texmf-dist/fonts/type1/urw/times/utmri8a.pfb>
Output written on Rd2.pdf (33 pages, 140800 bytes).
Transcript written on Rd2.log.
This is makeindex, version 2.15 [TeX Live 2013] (kpathsea + Thai support).
Scanning input file Rd2.idx....done (58 entries accepted, 0 rejected).
Sorting entries....done (331 comparisons).
Generating output file Rd2.ind....done (101 lines written, 0 warnings).
Output written in Rd2.ind.
Transcript written in Rd2.ilg.
This is pdfTeX, Version 3.1415926-2.5-1.40.14 (TeX Live 2013/Debian)
 restricted \write18 enabled.
entering extended mode
LaTeX2e <2011/06/27>
Babel <3.9h> and hyphenation patterns for 6 languages loaded.
(./Rd2.tex
(/usr/share/texlive/texmf-dist/tex/latex/base/book.cls
Document Class: book 2007/10/19 v1.4h Standard LaTeX document class
(/usr/share/texlive/texmf-dist/tex/latex/base/bk10.clo))
(/usr/share/R/share/texmf/tex/latex/Rd.sty
(/usr/share/texlive/texmf-dist/tex/latex/base/ifthen.sty)
(/usr/share/texlive/texmf-dist/tex/latex/tools/longtable.sty)
(/usr/share/texlive/texmf-dist/tex/latex/tools/bm.sty)
(/usr/share/texlive/texmf-dist/tex/latex/base/alltt.sty)
(/usr/share/texlive/texmf-dist/tex/latex/tools/verbatim.sty)
(/usr/share/texlive/texmf-dist/tex/latex/url/url.sty)
(/usr/share/texlive/texmf-dist/tex/latex/base/textcomp.sty
(/usr/share/texlive/texmf-dist/tex/latex/base/ts1enc.def))
(/usr/share/texlive/texmf-dist/tex/latex/base/fontenc.sty
(/usr/share/texlive/texmf-dist/tex/latex/base/t1enc.def))
(/usr/share/texlive/texmf-dist/tex/latex/psnfss/times.sty)
(/usr/share/texlive/texmf-dist/tex/latex/inconsolata/zi4.sty
(/usr/share/texlive/texmf-dist/tex/latex/graphics/keyval.sty))
(/usr/share/texlive/texmf-dist/tex/latex/graphics/color.sty
(/usr/share/texlive/texmf-dist/tex/latex/latexconfig/color.cfg)
(/usr/share/texlive/texmf-dist/tex/latex/pdftex-def/pdftex.def
(/usr/share/texlive/texmf-dist/tex/generic/oberdiek/infwarerr.sty)
(/usr/share/texlive/texmf-dist/tex/generic/oberdiek/ltxcmds.sty)))
(/usr/share/texlive/texmf-dist/tex/latex/hyperref/hyperref.sty
(/usr/share/texlive/texmf-dist/tex/generic/oberdiek/hobsub-hyperref.sty
(/usr/share/texlive/texmf-dist/tex/generic/oberdiek/hobsub-generic.sty))
(/usr/share/texlive/texmf-dist/tex/generic/ifxetex/ifxetex.sty)
(/usr/share/texlive/texmf-dist/tex/latex/oberdiek/auxhook.sty)
(/usr/share/texlive/texmf-dist/tex/latex/oberdiek/kvoptions.sty)
(/usr/share/texlive/texmf-dist/tex/latex/hyperref/pd1enc.def)
(/usr/share/texlive/texmf-dist/tex/latex/latexconfig/hyperref.cfg))

Package hyperref Message: Driver (autodetected): hpdftex.

(/usr/share/texlive/texmf-dist/tex/latex/hyperref/hpdftex.def
(/usr/share/texlive/texmf-dist/tex/latex/oberdiek/rerunfilecheck.sty))

Package hyperref Warning: Option `hyperindex' has already been used,
(hyperref)                setting the option has no effect on input line 366.


Package hyperref Warning: Option `pagebackref' has already been used,
(hyperref)                setting the option has no effect on input line 366.

) (/usr/share/texlive/texmf-dist/tex/latex/base/makeidx.sty)
(/usr/share/texlive/texmf-dist/tex/latex/base/inputenc.sty
(/usr/share/texlive/texmf-dist/tex/latex/base/utf8.def
(/usr/share/texlive/texmf-dist/tex/latex/base/t1enc.dfu)
(/usr/share/texlive/texmf-dist/tex/latex/base/ot1enc.dfu)
(/usr/share/texlive/texmf-dist/tex/latex/base/omsenc.dfu)
(/usr/share/texlive/texmf-dist/tex/latex/base/ts1enc.dfu))
(/usr/share/texlive/texmf-dist/tex/latex/base/latin1.def))
Writing index file Rd2.idx
(./Rd2.aux) (/usr/share/texlive/texmf-dist/tex/latex/base/ts1cmr.fd)
(/usr/share/texlive/texmf-dist/tex/latex/psnfss/t1ptm.fd)
(/usr/share/texlive/texmf-dist/tex/context/base/supp-pdf.mkii
[Loading MPS to PDF converter (version 2006.09.02).]
) (/usr/share/texlive/texmf-dist/tex/latex/hyperref/nameref.sty
(/usr/share/texlive/texmf-dist/tex/generic/oberdiek/gettitlestring.sty))
(./Rd2.out) (./Rd2.out)
(/usr/share/texlive/texmf-dist/tex/latex/inconsolata/t1zi4.fd)
(/usr/share/texlive/texmf-dist/tex/latex/psnfss/t1phv.fd) (./Rd2.toc [1{/var/li
b/texmf/fonts/map/pdftex/updmap/pdftex.map}])
(/usr/share/texlive/texmf-dist/tex/latex/base/utf8.def)
Overfull \hbox (14.1886pt too wide) in alignment at lines 63--63
 [] [] 
[2] (/usr/share/texlive/texmf-dist/tex/latex/inconsolata/ts1zi4.fd) [3]
(/usr/share/texlive/texmf-dist/tex/latex/base/utf8.def) [4]
(/usr/share/texlive/texmf-dist/tex/latex/base/utf8.def)
Overfull \hbox (6.35663pt too wide) in paragraph at lines 172--174
[]\T1/ptm/m/n/10 fournit une liste d'indicateur à par-tir des don-nées d'un éta
b-lisse-ment ou d'un groupe d'établissements.

Overfull \hbox (26.07762pt too wide) in paragraph at lines 189--198
\T1/ptm/m/n/10 "n.ccmu3", "n.ccmu4", "n.ccmu5", "n.ccmuP", "n.ccmuD", "n.ccmu45
", "n.sorties.conf", "mean.passage",

Overfull \hbox (19.51749pt too wide) in paragraph at lines 189--198
\T1/ptm/m/n/10 "me-dian.passage", "n.passage4", "n.hosp.passage4", "n.dom.passa
ge4", "n.dom", "n.hosp", "n.transfert",
[5] (/usr/share/texlive/texmf-dist/tex/latex/base/utf8.def)
(/usr/share/texlive/texmf-dist/tex/latex/base/utf8.def) [6]
Overfull \hbox (5.281pt too wide) in paragraph at lines 292--292
 []       \T1/zi4/m/n/9 plot(x[, "DP"], main = "CH Saverne - DIAGNOSTIC PRINCIP
AL", ylab = "\% de complétude")[] 
(/usr/share/texlive/texmf-dist/tex/latex/base/utf8.def) [7]
(/usr/share/texlive/texmf-dist/tex/latex/psnfss/ts1ptm.fd)
(/usr/share/texlive/texmf-dist/tex/latex/base/utf8.def) [8]
(/usr/share/texlive/texmf-dist/tex/latex/base/utf8.def)
(/usr/share/texlive/texmf-dist/tex/latex/base/utf8.def) [9]
(/usr/share/texlive/texmf-dist/tex/latex/base/utf8.def)
(/usr/share/texlive/texmf-dist/tex/latex/base/utf8.def) [10]
(/usr/share/texlive/texmf-dist/tex/latex/base/utf8.def)
(/usr/share/texlive/texmf-dist/tex/latex/base/utf8.def) [11]
(/usr/share/texlive/texmf-dist/tex/latex/base/utf8.def)
(/usr/share/texlive/texmf-dist/tex/latex/base/utf8.def) [12]
(/usr/share/texlive/texmf-dist/tex/latex/base/utf8.def) [13]
(/usr/share/texlive/texmf-dist/tex/latex/base/utf8.def)
Overfull \hbox (10.22803pt too wide) in paragraph at lines 653--655
[]\T1/ptm/m/n/10 n.so.conforme.dom, n.duree.passage.inf4h.dom, p.passages.en.mo
ins.de.4h.dom, n.so.conforme.hosp,
(/usr/share/texlive/texmf-dist/tex/latex/base/utf8.def)
Overfull \hbox (0.7078pt too wide) in paragraph at lines 677--679
\T1/ptm/m/n/10 par ymd_hms Trans-form dates stored as char-ac-ter or nu-meric v
ec-tors to POSIXct
[14]
Overfull \hbox (5.28091pt too wide) in paragraph at lines 701--701
 []\T1/zi4/m/n/9 n.passages.nuit <- passages2(pop18$ENTREE, "nuit"); n.passages
.nuit[1]; n.passages.nuit[2][] 
(/usr/share/texlive/texmf-dist/tex/latex/base/utf8.def) [15]
(/usr/share/texlive/texmf-dist/tex/latex/base/utf8.def)
Overfull \hbox (161.78088pt too wide) in paragraph at lines 747--747
 []\T1/zi4/m/n/10 plot.xts2(x, y = NULL, type = "l", auto.grid = TRUE, major.ti
cks = "auto", minor.ticks = TRUE, major.format = TRUE,[] 

Overfull \hbox (9.78088pt too wide) in paragraph at lines 748--748
 []\T1/zi4/m/n/10 bar.col = "grey", candle.col = "white", ann = TRUE, axes = TR
UE, col = "black", ...)[] 
(/usr/share/texlive/texmf-dist/tex/latex/base/utf8.def)
Overfull \hbox (28.681pt too wide) in paragraph at lines 788--788
 []       \T1/zi4/m/n/9 print.summary.rpu(x, cnames = c("Jour","n"), caption = 
"Nombre de RPU par jour de semaine")[] 
(/usr/share/texlive/texmf-dist/tex/latex/base/utf8.def) [16]
(/usr/share/texlive/texmf-dist/tex/latex/base/utf8.def)
Overfull \hbox (14.78088pt too wide) in paragraph at lines 833--833
 []\T1/zi4/m/n/10 pyramide.age(dx, cut = 5, gap = 1, cex = 0.8,col.h = "light g
reen", col.f = "khaki1")[] 
(/usr/share/texlive/texmf-dist/tex/latex/base/utf8.def) [17]
(/usr/share/texlive/texmf-dist/tex/latex/base/utf8.def)
(/usr/share/texlive/texmf-dist/tex/latex/base/utf8.def) [18]
(/usr/share/texlive/texmf-dist/tex/latex/base/utf8.def) [19]
(/usr/share/texlive/texmf-dist/tex/latex/base/utf8.def)
Overfull \hbox (125.88098pt too wide) in paragraph at lines 1012--1012
 []\T1/zi4/m/n/9 legend("topleft", inset = c(0, -0.1), legend = c("Brut","Stand
ardisé"), bty = "n", col = c("black","gray80"), pch = 15)[] 
(/usr/share/texlive/texmf-dist/tex/latex/base/utf8.def) [20]
(/usr/share/texlive/texmf-dist/tex/latex/base/utf8.def)
(/usr/share/texlive/texmf-dist/tex/latex/base/utf8.def) [21]
(/usr/share/texlive/texmf-dist/tex/latex/base/utf8.def)
Overfull \hbox (25.14818pt too wide) in paragraph at lines 1124--1126
\T1/ptm/m/n/10 "n.ccmup", "n.ccmud", "p.ccmu1", "p.ccmu2", "p.ccmu3", "p.ccmu4"
, "p.ccmu5", "p.ccmup", "p.ccmud") 
(/usr/share/texlive/texmf-dist/tex/latex/base/utf8.def) [22]
(/usr/share/texlive/texmf-dist/tex/latex/base/utf8.def)
(/usr/share/texlive/texmf-dist/tex/latex/base/utf8.def) [23]
(/usr/share/texlive/texmf-dist/tex/latex/base/utf8.def)
(/usr/share/texlive/texmf-dist/tex/latex/base/utf8.def) [24]
(/usr/share/texlive/texmf-dist/tex/latex/base/utf8.def)
(/usr/share/texlive/texmf-dist/tex/latex/base/utf8.def) [25]
(/usr/share/texlive/texmf-dist/tex/latex/base/utf8.def)
Overfull \hbox (10.43814pt too wide) in paragraph at lines 1367--1372
\T1/ptm/m/n/10 "n.ho", "n.hdt", "n.reo", "n.scam", "n.psa", "p.chir", "p.med", 
"p.obst", "p.si", "p.sc", "p.rea", "p.uhcd",
(/usr/share/texlive/texmf-dist/tex/latex/base/utf8.def) [26]
Overfull \hbox (70.18681pt too wide) in paragraph at lines 1394--1406
\T1/ptm/m/n/10 d'un pas-sage en min-utes duree.mediane.passage durée mé-di-ane 
d'un pas-sage en min-utes duree.moyenne.passage.dom
(/usr/share/texlive/texmf-dist/tex/latex/base/utf8.def) [27]
(/usr/share/texlive/texmf-dist/tex/latex/base/utf8.def)
Overfull \hbox (4.53748pt too wide) in paragraph at lines 1477--1479
[]\T1/ptm/m/n/10 vecteur nommé: "N", "n.na", "n.rens", "p.rens", "n.hommes", "n
.femmes", "p.hommes", "p.femmes",
(/usr/share/texlive/texmf-dist/tex/latex/base/utf8.def) [28]
(/usr/share/texlive/texmf-dist/tex/latex/base/utf8.def) [29]
(/usr/share/texlive/texmf-dist/tex/latex/base/utf8.def)
(/usr/share/texlive/texmf-dist/tex/latex/base/utf8.def) [30]
Overfull \hbox (26.88101pt too wide) in paragraph at lines 1613--1613
 []      \T1/zi4/m/n/9 plot(t[,"DATE DE SORTIE"], type = "l", main = "Mode de s
ortie", ylab = "Taux de completude")[] 

Overfull \hbox (0.781pt too wide) in paragraph at lines 1617--1617
 []     \T1/zi4/m/n/9 boxplot(t, las = 2, cex.axis = 0.8, ylab = "\% de complet
ude", main = "Complétude RPU")[] 
(/usr/share/texlive/texmf-dist/tex/latex/base/utf8.def) [31]
(/usr/share/texlive/texmf-dist/tex/latex/base/utf8.def) (./Rd2.ind [32]

LaTeX Font Warning: Font shape `T1/zi4/m/it' undefined
(Font)              using `T1/zi4/m/n' instead on input line 70.

[33]) (./Rd2.aux)

LaTeX Font Warning: Some font shapes were not available, defaults substituted.

 )
(see the transcript file for additional information)pdfTeX warning (dest): name
{Rfn.<pkg>} has been referenced but does not exist, replaced by a fixed one

{/usr/share/texlive/texmf-dist/fonts/enc/dvips/inconsolata/i4-ts1.enc}{/usr/sha
re/texlive/texmf-dist/fonts/enc/dvips/base/8r.enc}{/usr/share/texlive/texmf-dis
t/fonts/enc/dvips/inconsolata/i4-t1-0.enc}</usr/share/texlive/texmf-dist/fonts/
type1/public/inconsolata/Inconsolata-zi4r.pfb></usr/share/texlive/texmf-dist/fo
nts/type1/public/amsfonts/cm/cmsy10.pfb></usr/share/texlive/texmf-dist/fonts/ty
pe1/urw/helvetic/uhvr8a.pfb></usr/share/texlive/texmf-dist/fonts/type1/urw/time
s/utmb8a.pfb></usr/share/texlive/texmf-dist/fonts/type1/urw/times/utmr8a.pfb></
usr/share/texlive/texmf-dist/fonts/type1/urw/times/utmr8a.pfb></usr/share/texli
ve/texmf-dist/fonts/type1/urw/times/utmri8a.pfb>
Output written on Rd2.pdf (33 pages, 140790 bytes).
Transcript written on Rd2.log.
Saving output to 'Rpu2-manual.pdf' ...
Done
You may want to clean up by 'rm -rf /tmp/RtmpF1Cfyz/Rd2pdf34744f6a0a3'
